{
  "stats": {
    "suites": 1,
    "tests": 6,
    "passes": 6,
    "pending": 0,
    "failures": 0,
    "start": "2023-02-01T03:07:59.726Z",
    "end": "2023-02-01T03:08:02.508Z",
    "duration": 2782,
    "testsRegistered": 6,
    "passPercent": 100,
    "pendingPercent": 0,
    "other": 0,
    "hasOther": false,
    "skipped": 0,
    "hasSkipped": false
  },
  "results": [
    {
      "uuid": "b1588df1-9313-47d3-b832-a23a14adc02f",
      "title": "",
      "fullFile": "G:\\Respo-Folder\\Visual Studio Code\\DLE Site\\Express Server-Backend\\tests\\integration-tests\\integration.test.js",
      "file": "\\tests\\integration-tests\\integration.test.js",
      "beforeHooks": [],
      "afterHooks": [],
      "tests": [],
      "suites": [
        {
          "uuid": "d3a2e15f-fafa-445e-a759-27c321215ca6",
          "title": "Integration Testing - Testing Routes as a Whole",
          "fullFile": "G:\\Respo-Folder\\Visual Studio Code\\DLE Site\\Express Server-Backend\\tests\\integration-tests\\integration.test.js",
          "file": "\\tests\\integration-tests\\integration.test.js",
          "beforeHooks": [],
          "afterHooks": [],
          "tests": [
            {
              "title": "Testing Basic Get Route",
              "fullTitle": "Integration Testing - Testing Routes as a Whole Testing Basic Get Route",
              "timedOut": false,
              "duration": 29,
              "state": "passed",
              "speed": "fast",
              "pass": true,
              "fail": false,
              "pending": false,
              "context": null,
              "code": "request(server.app).get(\"/\")\n    .expect(200)\n    .expect({\"status\":200,\"message\":\"Server Loaded Successfully\",\"Description\":\"DLE Backend Server RestAPI For a MEAN Application Project\",\"Port\":\"5500\",\"BaseUrl\":\"http://localhost:5500\"},done);",
              "err": {},
              "uuid": "538f5200-0c0e-47f8-9a0c-be6a56be7974",
              "parentUUID": "d3a2e15f-fafa-445e-a759-27c321215ca6",
              "isHook": false,
              "skipped": false
            },
            {
              "title": "Testing Post User Login Route With Status Returned from Database",
              "fullTitle": "Integration Testing - Testing Routes as a Whole Testing Post User Login Route With Status Returned from Database",
              "timedOut": false,
              "duration": 2324,
              "state": "passed",
              "speed": "slow",
              "pass": true,
              "fail": false,
              "pending": false,
              "context": null,
              "code": "let result = await request(server.app).post(\"/api/auth/login\")\n    .send({\n        \"email\": \"am1a@gmail.com\",\n        \"password\":\"ama123\",\n        \"type\":\"staff\"\n    })\nchai.assert.equal(200,result.status,'Wrong Message Returned!')",
              "err": {},
              "uuid": "6f711959-61d1-4ab3-9f06-449c95a20973",
              "parentUUID": "d3a2e15f-fafa-445e-a759-27c321215ca6",
              "isHook": false,
              "skipped": false
            },
            {
              "title": "Testing Post User Login Route With Invalid User Credentials",
              "fullTitle": "Integration Testing - Testing Routes as a Whole Testing Post User Login Route With Invalid User Credentials",
              "timedOut": false,
              "duration": 236,
              "state": "passed",
              "speed": "slow",
              "pass": true,
              "fail": false,
              "pending": false,
              "context": null,
              "code": "let result = await request(server.app).post(\"/api/auth/login\")\n    .send({\n        \"email\": \"am1a@gmail.com\",\n        \"password\":\"ama\",\n        \"type\":\"staff\"\n    })\nchai.assert.equal(400,result.body.Status,'Wrong Message Returned!')",
              "err": {},
              "uuid": "e5ccf537-ed68-4466-aa22-f6c7192beae2",
              "parentUUID": "d3a2e15f-fafa-445e-a759-27c321215ca6",
              "isHook": false,
              "skipped": false
            },
            {
              "title": "Testing Post User Login Route With Invalid email format",
              "fullTitle": "Integration Testing - Testing Routes as a Whole Testing Post User Login Route With Invalid email format",
              "timedOut": false,
              "duration": 9,
              "state": "passed",
              "speed": "fast",
              "pass": true,
              "fail": false,
              "pending": false,
              "context": null,
              "code": "let result = await request(server.app).post(\"/api/auth/login\")\n    .send({\n        \"email\": \"s\",\n        \"password\":\"ama\",\n        \"type\":\"staff\"\n    })\nchai.assert.equal('\"email\" must be a valid email',result.body.Error,'Wrong Message Returned!')",
              "err": {},
              "uuid": "a5a7479e-3230-4bcf-83dd-ff838b564965",
              "parentUUID": "d3a2e15f-fafa-445e-a759-27c321215ca6",
              "isHook": false,
              "skipped": false
            },
            {
              "title": "Testing If Jwt Authentication Works by Calling unauthorized Route",
              "fullTitle": "Integration Testing - Testing Routes as a Whole Testing If Jwt Authentication Works by Calling unauthorized Route",
              "timedOut": false,
              "duration": 6,
              "state": "passed",
              "speed": "fast",
              "pass": true,
              "fail": false,
              "pending": false,
              "context": null,
              "code": "let result = await request(server.app).post(\"/api/user/get/id\")\n    .send({\n        \"email\": \"am1a@gmail.com\",\n        \"password\":\"ama123\",\n        \"type\":\"staff\"\n    })\nchai.assert.equal(406,result.status,'Wrong Message Returned!')",
              "err": {},
              "uuid": "9ee8b1ba-1dda-481f-b624-fc3f30714723",
              "parentUUID": "d3a2e15f-fafa-445e-a759-27c321215ca6",
              "isHook": false,
              "skipped": false
            },
            {
              "title": "Testing If Required User is found",
              "fullTitle": "Integration Testing - Testing Routes as a Whole Testing If Required User is found",
              "timedOut": false,
              "duration": 165,
              "state": "passed",
              "speed": "slow",
              "pass": true,
              "fail": false,
              "pending": false,
              "context": null,
              "code": "let result = await request(server.app).post(\"/api/user/get/id\")\n    .set('Cookie', 'cookie=eyJhbGciOiJIUzI1NiIsInR5cCI6IkpXVCJ9.eyJfaWQiOiIyMzEwMDAiLCJlbWFpbCI6ImFtMWFAZ21haWwuY29tIiwidHlwZSI6InN0YWZmIiwiaWF0IjoxNjc1MjE5NDQ0fQ.H8gH_cHtm-JHMNEd4OwBl3mcmV2WsEVbW9Wd0c9m4_o')\n    .send({\n        \"email\": \"am1a@gmail.com\",\n        \"type\":\"staff\"\n    })\nchai.assert.equal(200,result.status,'Wrong Message Returned!')",
              "err": {},
              "uuid": "680d7921-81d1-4829-8d7e-1b8ffc79d8fc",
              "parentUUID": "d3a2e15f-fafa-445e-a759-27c321215ca6",
              "isHook": false,
              "skipped": false
            }
          ],
          "suites": [],
          "passes": [
            "538f5200-0c0e-47f8-9a0c-be6a56be7974",
            "6f711959-61d1-4ab3-9f06-449c95a20973",
            "e5ccf537-ed68-4466-aa22-f6c7192beae2",
            "a5a7479e-3230-4bcf-83dd-ff838b564965",
            "9ee8b1ba-1dda-481f-b624-fc3f30714723",
            "680d7921-81d1-4829-8d7e-1b8ffc79d8fc"
          ],
          "failures": [],
          "pending": [],
          "skipped": [],
          "duration": 2769,
          "root": false,
          "rootEmpty": false,
          "_timeout": 0
        }
      ],
      "passes": [],
      "failures": [],
      "pending": [],
      "skipped": [],
      "duration": 0,
      "root": true,
      "rootEmpty": true,
      "_timeout": 0
    }
  ],
  "meta": {
    "mocha": {
      "version": "10.2.0"
    },
    "mochawesome": {
      "options": {
        "quiet": false,
        "reportFilename": "mochawesome",
        "saveHtml": true,
        "saveJson": true,
        "consoleReporter": "spec",
        "useInlineDiffs": false,
        "code": true
      },
      "version": "7.1.3"
    },
    "marge": {
      "options": null,
      "version": "6.2.0"
    }
  }
}